  ProyectoFinal.cpp
D:\Repositorio\315087372_Proyecto_Gpo09\ProyectoFinal\ProyectoFinal\ProyectoFinal.cpp(115,30): warning C4305: 'inicializando': truncamiento de 'double' a 'float'
D:\Repositorio\315087372_Proyecto_Gpo09\ProyectoFinal\ProyectoFinal\ProyectoFinal.cpp(333,30): warning C4244: 'inicializando': conversión de 'double' a 'GLfloat'; posible pérdida de datos
D:\Repositorio\315087372_Proyecto_Gpo09\ProyectoFinal\ProyectoFinal\ProyectoFinal.cpp(842,36): warning C4305: '-=': truncamiento de 'double' a 'float'
D:\Repositorio\315087372_Proyecto_Gpo09\ProyectoFinal\ProyectoFinal\ProyectoFinal.cpp(847,36): warning C4305: '+=': truncamiento de 'double' a 'float'
D:\Repositorio\315087372_Proyecto_Gpo09\ProyectoFinal\ProyectoFinal\ProyectoFinal.cpp(855,34): warning C4305: '+=': truncamiento de 'double' a 'float'
D:\Repositorio\315087372_Proyecto_Gpo09\ProyectoFinal\ProyectoFinal\ProyectoFinal.cpp(860,34): warning C4305: '-=': truncamiento de 'double' a 'float'
D:\Repositorio\315087372_Proyecto_Gpo09\ProyectoFinal\ProyectoFinal\ProyectoFinal.cpp(866,37): warning C4305: '+=': truncamiento de 'double' a 'float'
D:\Repositorio\315087372_Proyecto_Gpo09\ProyectoFinal\ProyectoFinal\ProyectoFinal.cpp(874,34): warning C4305: '+=': truncamiento de 'double' a 'float'
D:\Repositorio\315087372_Proyecto_Gpo09\ProyectoFinal\ProyectoFinal\ProyectoFinal.cpp(875,70): warning C4244: '=': conversión de 'double' a 'float'; posible pérdida de datos
D:\Repositorio\315087372_Proyecto_Gpo09\ProyectoFinal\ProyectoFinal\ProyectoFinal.cpp(881,24): warning C4305: '=': truncamiento de 'double' a 'float'
D:\Repositorio\315087372_Proyecto_Gpo09\ProyectoFinal\ProyectoFinal\ProyectoFinal.cpp(886,35): warning C4305: '+=': truncamiento de 'double' a 'float'
D:\Repositorio\315087372_Proyecto_Gpo09\ProyectoFinal\ProyectoFinal\ProyectoFinal.cpp(887,70): warning C4244: '=': conversión de 'double' a 'float'; posible pérdida de datos
D:\Repositorio\315087372_Proyecto_Gpo09\ProyectoFinal\ProyectoFinal\ProyectoFinal.cpp(893,25): warning C4305: '=': truncamiento de 'double' a 'float'
D:\Repositorio\315087372_Proyecto_Gpo09\ProyectoFinal\ProyectoFinal\ProyectoFinal.cpp(898,35): warning C4305: '+=': truncamiento de 'double' a 'float'
D:\Repositorio\315087372_Proyecto_Gpo09\ProyectoFinal\ProyectoFinal\ProyectoFinal.cpp(899,70): warning C4244: '=': conversión de 'double' a 'float'; posible pérdida de datos
D:\Repositorio\315087372_Proyecto_Gpo09\ProyectoFinal\ProyectoFinal\ProyectoFinal.cpp(908,35): warning C4305: '+=': truncamiento de 'double' a 'float'
D:\Repositorio\315087372_Proyecto_Gpo09\ProyectoFinal\ProyectoFinal\ProyectoFinal.cpp(923,37): warning C4305: '-=': truncamiento de 'double' a 'float'
D:\Repositorio\315087372_Proyecto_Gpo09\ProyectoFinal\ProyectoFinal\ProyectoFinal.cpp(928,37): warning C4305: '+=': truncamiento de 'double' a 'float'
D:\Repositorio\315087372_Proyecto_Gpo09\ProyectoFinal\ProyectoFinal\ProyectoFinal.cpp(936,34): warning C4305: '-=': truncamiento de 'double' a 'float'
D:\Repositorio\315087372_Proyecto_Gpo09\ProyectoFinal\ProyectoFinal\ProyectoFinal.cpp(937,70): warning C4244: '=': conversión de 'double' a 'float'; posible pérdida de datos
D:\Repositorio\315087372_Proyecto_Gpo09\ProyectoFinal\ProyectoFinal\ProyectoFinal.cpp(943,24): warning C4305: '=': truncamiento de 'double' a 'float'
D:\Repositorio\315087372_Proyecto_Gpo09\ProyectoFinal\ProyectoFinal\ProyectoFinal.cpp(947,35): warning C4305: '-=': truncamiento de 'double' a 'float'
D:\Repositorio\315087372_Proyecto_Gpo09\ProyectoFinal\ProyectoFinal\ProyectoFinal.cpp(948,70): warning C4244: '=': conversión de 'double' a 'float'; posible pérdida de datos
D:\Repositorio\315087372_Proyecto_Gpo09\ProyectoFinal\ProyectoFinal\ProyectoFinal.cpp(954,25): warning C4305: '=': truncamiento de 'double' a 'float'
D:\Repositorio\315087372_Proyecto_Gpo09\ProyectoFinal\ProyectoFinal\ProyectoFinal.cpp(959,35): warning C4305: '-=': truncamiento de 'double' a 'float'
D:\Repositorio\315087372_Proyecto_Gpo09\ProyectoFinal\ProyectoFinal\ProyectoFinal.cpp(960,70): warning C4244: '=': conversión de 'double' a 'float'; posible pérdida de datos
D:\Repositorio\315087372_Proyecto_Gpo09\ProyectoFinal\ProyectoFinal\ProyectoFinal.cpp(969,35): warning C4305: '-=': truncamiento de 'double' a 'float'
D:\Repositorio\315087372_Proyecto_Gpo09\ProyectoFinal\ProyectoFinal\ProyectoFinal.cpp(981,41): warning C4305: '-=': truncamiento de 'double' a 'float'
D:\Repositorio\315087372_Proyecto_Gpo09\ProyectoFinal\ProyectoFinal\ProyectoFinal.cpp(990,33): warning C4305: '-=': truncamiento de 'double' a 'float'
D:\Repositorio\315087372_Proyecto_Gpo09\ProyectoFinal\ProyectoFinal\ProyectoFinal.cpp(995,33): warning C4305: '+=': truncamiento de 'double' a 'float'
D:\Repositorio\315087372_Proyecto_Gpo09\ProyectoFinal\ProyectoFinal\ProyectoFinal.cpp(1001,34): warning C4305: '-=': truncamiento de 'double' a 'float'
D:\Repositorio\315087372_Proyecto_Gpo09\ProyectoFinal\ProyectoFinal\ProyectoFinal.cpp(1006,34): warning C4305: '+=': truncamiento de 'double' a 'float'
D:\Repositorio\315087372_Proyecto_Gpo09\ProyectoFinal\ProyectoFinal\ProyectoFinal.cpp(1013,38): warning C4305: '+=': truncamiento de 'double' a 'float'
D:\Repositorio\315087372_Proyecto_Gpo09\ProyectoFinal\ProyectoFinal\ProyectoFinal.cpp(1021,38): warning C4305: '+=': truncamiento de 'double' a 'float'
D:\Repositorio\315087372_Proyecto_Gpo09\ProyectoFinal\ProyectoFinal\ProyectoFinal.cpp(1029,38): warning C4305: '-=': truncamiento de 'double' a 'float'
D:\Repositorio\315087372_Proyecto_Gpo09\ProyectoFinal\ProyectoFinal\ProyectoFinal.cpp(1040,42): warning C4305: '-=': truncamiento de 'double' a 'float'
D:\Repositorio\315087372_Proyecto_Gpo09\ProyectoFinal\ProyectoFinal\ProyectoFinal.cpp(1049,37): warning C4305: '-=': truncamiento de 'double' a 'float'
D:\Repositorio\315087372_Proyecto_Gpo09\ProyectoFinal\ProyectoFinal\ProyectoFinal.cpp(1057,37): warning C4305: '-=': truncamiento de 'double' a 'float'
D:\Repositorio\315087372_Proyecto_Gpo09\ProyectoFinal\ProyectoFinal\ProyectoFinal.cpp(1065,39): warning C4305: '-=': truncamiento de 'double' a 'float'
D:\Repositorio\315087372_Proyecto_Gpo09\ProyectoFinal\ProyectoFinal\ProyectoFinal.cpp(1066,39): warning C4305: '+=': truncamiento de 'double' a 'float'
D:\Repositorio\315087372_Proyecto_Gpo09\ProyectoFinal\ProyectoFinal\ProyectoFinal.cpp(1075,38): warning C4305: '-=': truncamiento de 'double' a 'float'
D:\Repositorio\315087372_Proyecto_Gpo09\ProyectoFinal\ProyectoFinal\ProyectoFinal.cpp(1077,40): warning C4305: '=': truncamiento de 'double' a 'float'
D:\Repositorio\315087372_Proyecto_Gpo09\ProyectoFinal\ProyectoFinal\ProyectoFinal.cpp(1089,38): warning C4305: '-=': truncamiento de 'double' a 'float'
D:\Repositorio\315087372_Proyecto_Gpo09\ProyectoFinal\ProyectoFinal\ProyectoFinal.cpp(1098,35): warning C4305: '+=': truncamiento de 'double' a 'float'
D:\Repositorio\315087372_Proyecto_Gpo09\ProyectoFinal\ProyectoFinal\ProyectoFinal.cpp(1104,35): warning C4305: '-=': truncamiento de 'double' a 'float'
D:\Repositorio\315087372_Proyecto_Gpo09\ProyectoFinal\ProyectoFinal\ProyectoFinal.cpp(1222,17): warning C4244: '=': conversión de 'double' a 'GLfloat'; posible pérdida de datos
D:\Repositorio\315087372_Proyecto_Gpo09\ProyectoFinal\ProyectoFinal\ProyectoFinal.cpp(1223,17): warning C4244: '=': conversión de 'double' a 'GLfloat'; posible pérdida de datos
D:\Repositorio\315087372_Proyecto_Gpo09\ProyectoFinal\ProyectoFinal\ProyectoFinal.cpp(1227,21): warning C4244: 'inicializando': conversión de 'double' a 'GLfloat'; posible pérdida de datos
D:\Repositorio\315087372_Proyecto_Gpo09\ProyectoFinal\ProyectoFinal\ProyectoFinal.cpp(1228,21): warning C4244: 'inicializando': conversión de 'double' a 'GLfloat'; posible pérdida de datos
D:\Repositorio\315087372_Proyecto_Gpo09\ProyectoFinal\ProyectoFinal\ProyectoFinal.cpp(1230,13): warning C4244: '=': conversión de 'double' a 'GLfloat'; posible pérdida de datos
D:\Repositorio\315087372_Proyecto_Gpo09\ProyectoFinal\ProyectoFinal\ProyectoFinal.cpp(1231,13): warning C4244: '=': conversión de 'double' a 'GLfloat'; posible pérdida de datos
soil2-debug.lib(SOIL2.obj) : warning LNK4075: se omite '/EDITANDCONTINUE' debido a la especificación '/OPT:ICF'
LINK : warning LNK4098: la biblioteca predeterminada'MSVCRTD' entra en conflicto con otras bibliotecas; use la biblioteca /NODEFAULTLIB:biblioteca
  Generando código
  0 of 623 functions ( 0.0%) were compiled, the rest were copied from previous compilation.
    0 functions were new in current compilation
    0 functions had inline decision re-evaluated but remain unchanged
  Generación de código finalizada
soil2-debug.lib(etc1_utils.obj) : warning LNK4099: no se encontró PDB 'soil2-debug.pdb' con 'soil2-debug.lib(etc1_utils.obj)' o en 'D:\Repositorio\315087372_Proyecto_Gpo09\ProyectoFinal\Release\soil2-debug.pdb'; se vinculará el objeto sin tener en cuenta información de depuración
soil2-debug.lib(image_DXT.obj) : warning LNK4099: no se encontró PDB 'soil2-debug.pdb' con 'soil2-debug.lib(image_DXT.obj)' o en 'D:\Repositorio\315087372_Proyecto_Gpo09\ProyectoFinal\Release\soil2-debug.pdb'; se vinculará el objeto sin tener en cuenta información de depuración
soil2-debug.lib(image_helper.obj) : warning LNK4099: no se encontró PDB 'soil2-debug.pdb' con 'soil2-debug.lib(image_helper.obj)' o en 'D:\Repositorio\315087372_Proyecto_Gpo09\ProyectoFinal\Release\soil2-debug.pdb'; se vinculará el objeto sin tener en cuenta información de depuración
soil2-debug.lib(SOIL2.obj) : warning LNK4099: no se encontró PDB 'soil2-debug.pdb' con 'soil2-debug.lib(SOIL2.obj)' o en 'D:\Repositorio\315087372_Proyecto_Gpo09\ProyectoFinal\Release\soil2-debug.pdb'; se vinculará el objeto sin tener en cuenta información de depuración
  ProyectoFinal.vcxproj -> D:\Repositorio\315087372_Proyecto_Gpo09\ProyectoFinal\Release\ProyectoFinal.exe
