  ProyectoFinal.cpp
D:\Repositorio\315087372_Proyecto_Gpo09\ProyectoFinal\ProyectoFinal\ProyectoFinal.cpp(309,30): warning C4244: 'inicializando': conversión de 'double' a 'GLfloat'; posible pérdida de datos
D:\Repositorio\315087372_Proyecto_Gpo09\ProyectoFinal\ProyectoFinal\ProyectoFinal.cpp(733,36): warning C4305: '-=': truncamiento de 'double' a 'float'
D:\Repositorio\315087372_Proyecto_Gpo09\ProyectoFinal\ProyectoFinal\ProyectoFinal.cpp(738,36): warning C4305: '+=': truncamiento de 'double' a 'float'
D:\Repositorio\315087372_Proyecto_Gpo09\ProyectoFinal\ProyectoFinal\ProyectoFinal.cpp(746,34): warning C4305: '+=': truncamiento de 'double' a 'float'
D:\Repositorio\315087372_Proyecto_Gpo09\ProyectoFinal\ProyectoFinal\ProyectoFinal.cpp(751,34): warning C4305: '-=': truncamiento de 'double' a 'float'
D:\Repositorio\315087372_Proyecto_Gpo09\ProyectoFinal\ProyectoFinal\ProyectoFinal.cpp(757,34): warning C4305: '+=': truncamiento de 'double' a 'float'
D:\Repositorio\315087372_Proyecto_Gpo09\ProyectoFinal\ProyectoFinal\ProyectoFinal.cpp(758,70): warning C4244: '=': conversión de 'double' a 'float'; posible pérdida de datos
D:\Repositorio\315087372_Proyecto_Gpo09\ProyectoFinal\ProyectoFinal\ProyectoFinal.cpp(764,24): warning C4305: '=': truncamiento de 'double' a 'float'
D:\Repositorio\315087372_Proyecto_Gpo09\ProyectoFinal\ProyectoFinal\ProyectoFinal.cpp(769,35): warning C4305: '+=': truncamiento de 'double' a 'float'
D:\Repositorio\315087372_Proyecto_Gpo09\ProyectoFinal\ProyectoFinal\ProyectoFinal.cpp(770,70): warning C4244: '=': conversión de 'double' a 'float'; posible pérdida de datos
D:\Repositorio\315087372_Proyecto_Gpo09\ProyectoFinal\ProyectoFinal\ProyectoFinal.cpp(776,25): warning C4305: '=': truncamiento de 'double' a 'float'
D:\Repositorio\315087372_Proyecto_Gpo09\ProyectoFinal\ProyectoFinal\ProyectoFinal.cpp(781,35): warning C4305: '+=': truncamiento de 'double' a 'float'
D:\Repositorio\315087372_Proyecto_Gpo09\ProyectoFinal\ProyectoFinal\ProyectoFinal.cpp(782,70): warning C4244: '=': conversión de 'double' a 'float'; posible pérdida de datos
D:\Repositorio\315087372_Proyecto_Gpo09\ProyectoFinal\ProyectoFinal\ProyectoFinal.cpp(791,35): warning C4305: '+=': truncamiento de 'double' a 'float'
D:\Repositorio\315087372_Proyecto_Gpo09\ProyectoFinal\ProyectoFinal\ProyectoFinal.cpp(805,34): warning C4305: '-=': truncamiento de 'double' a 'float'
D:\Repositorio\315087372_Proyecto_Gpo09\ProyectoFinal\ProyectoFinal\ProyectoFinal.cpp(806,70): warning C4244: '=': conversión de 'double' a 'float'; posible pérdida de datos
D:\Repositorio\315087372_Proyecto_Gpo09\ProyectoFinal\ProyectoFinal\ProyectoFinal.cpp(812,24): warning C4305: '=': truncamiento de 'double' a 'float'
D:\Repositorio\315087372_Proyecto_Gpo09\ProyectoFinal\ProyectoFinal\ProyectoFinal.cpp(816,35): warning C4305: '-=': truncamiento de 'double' a 'float'
D:\Repositorio\315087372_Proyecto_Gpo09\ProyectoFinal\ProyectoFinal\ProyectoFinal.cpp(817,70): warning C4244: '=': conversión de 'double' a 'float'; posible pérdida de datos
D:\Repositorio\315087372_Proyecto_Gpo09\ProyectoFinal\ProyectoFinal\ProyectoFinal.cpp(823,25): warning C4305: '=': truncamiento de 'double' a 'float'
D:\Repositorio\315087372_Proyecto_Gpo09\ProyectoFinal\ProyectoFinal\ProyectoFinal.cpp(828,35): warning C4305: '-=': truncamiento de 'double' a 'float'
D:\Repositorio\315087372_Proyecto_Gpo09\ProyectoFinal\ProyectoFinal\ProyectoFinal.cpp(829,70): warning C4244: '=': conversión de 'double' a 'float'; posible pérdida de datos
D:\Repositorio\315087372_Proyecto_Gpo09\ProyectoFinal\ProyectoFinal\ProyectoFinal.cpp(838,35): warning C4305: '-=': truncamiento de 'double' a 'float'
D:\Repositorio\315087372_Proyecto_Gpo09\ProyectoFinal\ProyectoFinal\ProyectoFinal.cpp(1007,17): warning C4244: '=': conversión de 'double' a 'GLfloat'; posible pérdida de datos
D:\Repositorio\315087372_Proyecto_Gpo09\ProyectoFinal\ProyectoFinal\ProyectoFinal.cpp(1008,17): warning C4244: '=': conversión de 'double' a 'GLfloat'; posible pérdida de datos
D:\Repositorio\315087372_Proyecto_Gpo09\ProyectoFinal\ProyectoFinal\ProyectoFinal.cpp(1012,21): warning C4244: 'inicializando': conversión de 'double' a 'GLfloat'; posible pérdida de datos
D:\Repositorio\315087372_Proyecto_Gpo09\ProyectoFinal\ProyectoFinal\ProyectoFinal.cpp(1013,21): warning C4244: 'inicializando': conversión de 'double' a 'GLfloat'; posible pérdida de datos
D:\Repositorio\315087372_Proyecto_Gpo09\ProyectoFinal\ProyectoFinal\ProyectoFinal.cpp(1015,13): warning C4244: '=': conversión de 'double' a 'GLfloat'; posible pérdida de datos
D:\Repositorio\315087372_Proyecto_Gpo09\ProyectoFinal\ProyectoFinal\ProyectoFinal.cpp(1016,13): warning C4244: '=': conversión de 'double' a 'GLfloat'; posible pérdida de datos
  ProyectoFinal.vcxproj -> D:\Repositorio\315087372_Proyecto_Gpo09\ProyectoFinal\Debug\ProyectoFinal.exe
